TN:verilator_coverage
SF:axi4lite_slave.v
DA:7,748703
DA:8,3
DA:11,357
BRDA:11,0,0,1
BRDA:11,0,1,0
BRDA:11,0,2,0
BRDA:11,0,3,0
BRDA:11,0,4,0
BRDA:11,0,5,0
BRDA:11,0,6,0
BRDA:11,0,7,0
BRDA:11,0,8,0
BRDA:11,0,9,0
BRDA:11,0,10,0
BRDA:11,0,11,357
BRDA:11,0,12,0
BRDA:11,0,13,0
BRDA:11,0,14,0
BRDA:11,0,15,0
BRDA:11,0,16,0
BRDA:11,0,17,0
BRDA:11,0,18,0
BRDA:11,0,19,0
BRDA:11,0,20,0
BRDA:11,0,21,0
BRDA:11,0,22,351
BRDA:11,0,23,0
BRDA:11,0,24,0
BRDA:11,0,25,7
BRDA:11,0,26,11
BRDA:11,0,27,1
BRDA:11,0,28,1
BRDA:11,0,29,1
BRDA:11,0,30,0
BRDA:11,0,31,0
DA:12,734
DA:13,734
DA:16,198
BRDA:16,0,0,188
BRDA:16,0,1,2
BRDA:16,0,2,4
BRDA:16,0,3,2
BRDA:16,0,4,2
BRDA:16,0,5,2
BRDA:16,0,6,4
BRDA:16,0,7,0
BRDA:16,0,8,0
BRDA:16,0,9,0
BRDA:16,0,10,0
BRDA:16,0,11,182
BRDA:16,0,12,0
BRDA:16,0,13,0
BRDA:16,0,14,0
BRDA:16,0,15,0
BRDA:16,0,16,0
BRDA:16,0,17,0
BRDA:16,0,18,0
BRDA:16,0,19,0
BRDA:16,0,20,0
BRDA:16,0,21,0
BRDA:16,0,22,182
BRDA:16,0,23,0
BRDA:16,0,24,0
BRDA:16,0,25,198
BRDA:16,0,26,164
BRDA:16,0,27,180
BRDA:16,0,28,180
BRDA:16,0,29,174
BRDA:16,0,30,150
BRDA:16,0,31,6
DA:17,1
BRDA:17,0,0,1
BRDA:17,0,1,1
BRDA:17,0,2,1
BRDA:17,0,3,1
DA:18,734
DA:19,734
DA:22,2
BRDA:22,0,0,0
BRDA:22,0,1,2
DA:23,734
DA:24,376
DA:27,19
BRDA:27,0,0,1
BRDA:27,0,1,0
BRDA:27,0,2,0
BRDA:27,0,3,0
BRDA:27,0,4,0
BRDA:27,0,5,0
BRDA:27,0,6,0
BRDA:27,0,7,0
BRDA:27,0,8,0
BRDA:27,0,9,0
BRDA:27,0,10,0
BRDA:27,0,11,19
BRDA:27,0,12,0
BRDA:27,0,13,0
BRDA:27,0,14,0
BRDA:27,0,15,0
BRDA:27,0,16,0
BRDA:27,0,17,0
BRDA:27,0,18,0
BRDA:27,0,19,0
BRDA:27,0,20,0
BRDA:27,0,21,0
BRDA:27,0,22,9
BRDA:27,0,23,0
BRDA:27,0,24,0
BRDA:27,0,25,5
BRDA:27,0,26,3
BRDA:27,0,27,1
BRDA:27,0,28,1
BRDA:27,0,29,1
BRDA:27,0,30,0
BRDA:27,0,31,0
DA:28,40
DA:29,40
DA:32,12
BRDA:32,0,0,2
BRDA:32,0,1,0
BRDA:32,0,2,8
BRDA:32,0,3,0
BRDA:32,0,4,8
BRDA:32,0,5,0
BRDA:32,0,6,8
BRDA:32,0,7,0
BRDA:32,0,8,0
BRDA:32,0,9,0
BRDA:32,0,10,0
BRDA:32,0,11,10
BRDA:32,0,12,0
BRDA:32,0,13,0
BRDA:32,0,14,0
BRDA:32,0,15,0
BRDA:32,0,16,0
BRDA:32,0,17,0
BRDA:32,0,18,0
BRDA:32,0,19,0
BRDA:32,0,20,0
BRDA:32,0,21,0
BRDA:32,0,22,2
BRDA:32,0,23,0
BRDA:32,0,24,0
BRDA:32,0,25,12
BRDA:32,0,26,2
BRDA:32,0,27,10
BRDA:32,0,28,2
BRDA:32,0,29,10
BRDA:32,0,30,0
BRDA:32,0,31,8
DA:33,2
BRDA:33,0,0,0
BRDA:33,0,1,2
DA:34,40
DA:35,36
DA:38,734
DA:39,356
BRDA:39,0,0,0
BRDA:39,0,1,356
BRDA:39,0,2,352
BRDA:39,0,3,6
BRDA:39,0,4,10
DA:40,198
BRDA:40,0,0,186
BRDA:40,0,1,2
BRDA:40,0,2,4
BRDA:40,0,3,2
BRDA:40,0,4,2
BRDA:40,0,5,2
BRDA:40,0,6,4
BRDA:40,0,7,180
BRDA:40,0,8,182
BRDA:40,0,9,198
BRDA:40,0,10,164
BRDA:40,0,11,180
BRDA:40,0,12,180
BRDA:40,0,13,174
BRDA:40,0,14,150
BRDA:40,0,15,6
DA:41,18
BRDA:41,0,0,0
BRDA:41,0,1,18
BRDA:41,0,2,8
BRDA:41,0,3,4
BRDA:41,0,4,2
DA:42,12
BRDA:42,0,0,2
BRDA:42,0,1,0
BRDA:42,0,2,8
BRDA:42,0,3,0
BRDA:42,0,4,8
BRDA:42,0,5,0
BRDA:42,0,6,8
BRDA:42,0,7,10
BRDA:42,0,8,2
BRDA:42,0,9,12
BRDA:42,0,10,4
BRDA:42,0,11,10
BRDA:42,0,12,2
BRDA:42,0,13,10
BRDA:42,0,14,0
BRDA:42,0,15,10
DA:46,358
BRDA:46,0,0,2
BRDA:46,0,1,0
BRDA:46,0,2,0
BRDA:46,0,3,0
BRDA:46,0,4,0
BRDA:46,0,5,0
BRDA:46,0,6,0
BRDA:46,0,7,0
BRDA:46,0,8,0
BRDA:46,0,9,0
BRDA:46,0,10,0
BRDA:46,0,11,358
BRDA:46,0,12,0
BRDA:46,0,13,0
BRDA:46,0,14,0
BRDA:46,0,15,0
BRDA:46,0,16,0
BRDA:46,0,17,0
BRDA:46,0,18,0
BRDA:46,0,19,0
BRDA:46,0,20,0
BRDA:46,0,21,0
BRDA:46,0,22,352
BRDA:46,0,23,0
BRDA:46,0,24,0
BRDA:46,0,25,8
BRDA:46,0,26,12
BRDA:46,0,27,2
BRDA:46,0,28,2
BRDA:46,0,29,2
BRDA:46,0,30,0
BRDA:46,0,31,0
DA:47,198
BRDA:47,0,0,186
BRDA:47,0,1,2
BRDA:47,0,2,4
BRDA:47,0,3,2
BRDA:47,0,4,2
BRDA:47,0,5,2
BRDA:47,0,6,4
BRDA:47,0,7,180
BRDA:47,0,8,182
BRDA:47,0,9,198
BRDA:47,0,10,164
BRDA:47,0,11,180
BRDA:47,0,12,180
BRDA:47,0,13,174
BRDA:47,0,14,150
BRDA:47,0,15,6
DA:48,734
DA:49,734
DA:52,374351
DA:53,374339
BRDA:53,0,0,374339
BRDA:53,0,1,12
DA:54,12
DA:55,12
DA:56,12
DA:58,374339
DA:59,373972
BRDA:59,0,0,367
BRDA:59,0,1,373972
DA:60,367
DA:61,367
DA:62,367
DA:64,373972
DA:65,373972
DA:68,373973
BRDA:68,0,0,366
BRDA:68,0,1,373973
DA:69,366
DA:75,374351
DA:76,374339
BRDA:76,0,0,374339
BRDA:76,0,1,12
DA:77,12
DA:78,12
DA:79,12
DA:81,374339
DA:82,373972
BRDA:82,0,0,367
BRDA:82,0,1,373972
DA:83,367
DA:84,367
DA:85,367
DA:87,373972
DA:88,373972
DA:91,373973
BRDA:91,0,0,366
BRDA:91,0,1,373973
DA:92,366
DA:98,374351
DA:99,374339
BRDA:99,0,0,374339
BRDA:99,0,1,12
DA:100,12
DA:101,12
DA:102,12
DA:103,12
DA:104,12
DA:106,374339
DA:107,374339
DA:109,373972
BRDA:109,0,0,367
BRDA:109,0,1,373972
DA:110,367
DA:111,367
DA:112,367
DA:114,367
DA:116,365
DA:117,365
DA:118,365
DA:130,373973
BRDA:130,0,0,366
BRDA:130,0,1,373973
DA:131,366
DA:137,374351
DA:138,374339
BRDA:138,0,0,374339
BRDA:138,0,1,12
DA:139,12
DA:140,12
DA:141,12
DA:142,12
DA:143,12
DA:145,374339
DA:146,374339
DA:148,374319
BRDA:148,0,0,20
BRDA:148,0,1,374319
DA:149,20
DA:151,20
DA:153,18
DA:154,18
DA:155,18
DA:167,374319
BRDA:167,0,0,20
BRDA:167,0,1,374319
DA:168,20
DA:169,20
DA:172,374320
BRDA:172,0,0,19
BRDA:172,0,1,374320
DA:173,19
BRF:252
BRH:73
end_of_record
SF:baudrategenerator.v
DA:5,748703
DA:6,3
DA:7,2
BRDA:7,0,0,2
BRDA:7,0,1,0
BRDA:7,0,2,0
BRDA:7,0,3,0
BRDA:7,0,4,0
BRDA:7,0,5,0
BRDA:7,0,6,0
BRDA:7,0,7,2
BRDA:7,0,8,2
BRDA:7,0,9,0
BRDA:7,0,10,2
BRDA:7,0,11,2
BRDA:7,0,12,2
BRDA:7,0,13,0
BRDA:7,0,14,0
BRDA:7,0,15,0
DA:8,2
BRDA:8,0,0,0
BRDA:8,0,1,0
BRDA:8,0,2,0
BRDA:8,0,3,0
BRDA:8,0,4,0
BRDA:8,0,5,0
BRDA:8,0,6,0
BRDA:8,0,7,2
BRDA:8,0,8,0
BRDA:8,0,9,2
BRDA:8,0,10,0
BRDA:8,0,11,2
BRDA:8,0,12,0
BRDA:8,0,13,2
BRDA:8,0,14,0
BRDA:8,0,15,0
DA:9,2
BRDA:9,0,0,0
BRDA:9,0,1,0
BRDA:9,0,2,2
BRDA:9,0,3,0
BRDA:9,0,4,2
BRDA:9,0,5,0
BRDA:9,0,6,2
BRDA:9,0,7,2
BRDA:9,0,8,2
BRDA:9,0,9,2
BRDA:9,0,10,0
BRDA:9,0,11,2
BRDA:9,0,12,0
BRDA:9,0,13,2
BRDA:9,0,14,0
BRDA:9,0,15,2
DA:10,4
BRDA:10,0,0,4
BRDA:10,0,1,4
DA:12,11384
DA:13,5
BRDA:13,0,0,2
BRDA:13,0,1,2
BRDA:13,0,2,4
BRDA:13,0,3,2
BRDA:13,0,4,5
DA:17,2
BRDA:17,0,0,2
BRDA:17,0,1,0
BRDA:17,0,2,2
BRDA:17,0,3,0
BRDA:17,0,4,2
BRDA:17,0,5,0
BRDA:17,0,6,2
BRDA:17,0,7,2
BRDA:17,0,8,2
BRDA:17,0,9,0
BRDA:17,0,10,2
BRDA:17,0,11,2
BRDA:17,0,12,2
BRDA:17,0,13,0
BRDA:17,0,14,0
BRDA:17,0,15,2
DA:20,2
BRDA:20,0,0,0
BRDA:20,0,1,2
BRDA:20,0,2,2
BRDA:20,0,3,2
DA:33,5692
BRDA:33,0,0,0
BRDA:33,0,1,0
BRDA:33,0,2,5692
BRDA:33,0,3,2846
BRDA:33,0,4,0
DA:34,2846
DA:37,372916
BRDA:37,0,0,372916
BRDA:37,0,1,64
BRDA:37,0,2,32
BRDA:37,0,3,16
BRDA:37,0,4,8
BRDA:37,0,5,4
BRDA:37,0,6,2
BRDA:37,0,7,183612
BRDA:37,0,8,96076
BRDA:37,0,9,42346
BRDA:37,0,10,26864
BRDA:37,0,11,13432
BRDA:37,0,12,1024
BRDA:37,0,13,512
BRDA:37,0,14,256
BRDA:37,0,15,128
DA:40,2848
BRDA:40,0,0,2848
BRDA:40,0,1,0
BRDA:40,0,2,2
BRDA:40,0,3,0
BRDA:40,0,4,2
BRDA:40,0,5,0
BRDA:40,0,6,2
BRDA:40,0,7,2
BRDA:40,0,8,2
BRDA:40,0,9,0
BRDA:40,0,10,2
BRDA:40,0,11,2
BRDA:40,0,12,2
BRDA:40,0,13,0
BRDA:40,0,14,0
BRDA:40,0,15,2
DA:42,374351
DA:43,12
DA:44,12
DA:45,12
DA:46,12
DA:48,368647
BRDA:48,0,0,5692
BRDA:48,0,1,368647
DA:49,5692
DA:50,5692
DA:52,5692
DA:53,5692
DA:55,368647
DA:56,368647
DA:57,368647
BRF:114
BRH:18
end_of_record
SF:generic_register.v
DA:7,6738327
BRDA:7,0,0,6738327
BRDA:7,0,1,748703
BRDA:7,0,2,748703
BRDA:7,0,3,748703
BRDA:7,0,4,748703
DA:8,27
BRDA:8,0,0,27
BRDA:8,0,1,3
BRDA:8,0,2,3
BRDA:8,0,3,3
BRDA:8,0,4,3
DA:9,372
BRDA:9,0,0,372
BRDA:9,0,1,2
BRDA:9,0,2,352
BRDA:9,0,3,2
BRDA:9,0,4,2
DA:10,1782
BRDA:10,0,0,1674
BRDA:10,0,1,18
BRDA:10,0,2,36
BRDA:10,0,3,18
BRDA:10,0,4,18
BRDA:10,0,5,18
BRDA:10,0,6,36
BRDA:10,0,7,1620
BRDA:10,0,8,1638
BRDA:10,0,9,1782
BRDA:10,0,10,1476
BRDA:10,0,11,1620
BRDA:10,0,12,1620
BRDA:10,0,13,1566
BRDA:10,0,14,1350
BRDA:10,0,15,54
BRDA:10,0,16,186
BRDA:10,0,17,2
BRDA:10,0,18,4
BRDA:10,0,19,2
BRDA:10,0,20,2
BRDA:10,0,21,2
BRDA:10,0,22,4
BRDA:10,0,23,180
BRDA:10,0,24,182
BRDA:10,0,25,198
BRDA:10,0,26,164
BRDA:10,0,27,180
BRDA:10,0,28,180
BRDA:10,0,29,174
BRDA:10,0,30,150
BRDA:10,0,31,6
BRDA:10,0,32,186
BRDA:10,0,33,2
BRDA:10,0,34,4
BRDA:10,0,35,2
BRDA:10,0,36,2
BRDA:10,0,37,2
BRDA:10,0,38,4
BRDA:10,0,39,180
BRDA:10,0,40,182
BRDA:10,0,41,198
BRDA:10,0,42,164
BRDA:10,0,43,180
BRDA:10,0,44,180
BRDA:10,0,45,174
BRDA:10,0,46,150
BRDA:10,0,47,6
BRDA:10,0,48,186
BRDA:10,0,49,2
BRDA:10,0,50,4
BRDA:10,0,51,2
BRDA:10,0,52,2
BRDA:10,0,53,2
BRDA:10,0,54,4
BRDA:10,0,55,180
BRDA:10,0,56,182
BRDA:10,0,57,198
BRDA:10,0,58,164
BRDA:10,0,59,180
BRDA:10,0,60,180
BRDA:10,0,61,174
BRDA:10,0,62,150
BRDA:10,0,63,6
BRDA:10,0,64,186
BRDA:10,0,65,2
BRDA:10,0,66,4
BRDA:10,0,67,2
BRDA:10,0,68,2
BRDA:10,0,69,2
BRDA:10,0,70,4
BRDA:10,0,71,180
BRDA:10,0,72,182
BRDA:10,0,73,198
BRDA:10,0,74,164
BRDA:10,0,75,180
BRDA:10,0,76,180
BRDA:10,0,77,174
BRDA:10,0,78,150
BRDA:10,0,79,6
DA:11,102
BRDA:11,0,0,80
BRDA:11,0,1,2
BRDA:11,0,2,16
BRDA:11,0,3,2
BRDA:11,0,4,14
BRDA:11,0,5,2
BRDA:11,0,6,16
BRDA:11,0,7,92
BRDA:11,0,8,94
BRDA:11,0,9,88
BRDA:11,0,10,84
BRDA:11,0,11,102
BRDA:11,0,12,90
BRDA:11,0,13,88
BRDA:11,0,14,82
BRDA:11,0,15,16
BRDA:11,0,16,0
BRDA:11,0,17,0
BRDA:11,0,18,2
BRDA:11,0,19,0
BRDA:11,0,20,2
BRDA:11,0,21,0
BRDA:11,0,22,2
BRDA:11,0,23,2
BRDA:11,0,24,0
BRDA:11,0,25,2
BRDA:11,0,26,0
BRDA:11,0,27,1
BRDA:11,0,28,3
BRDA:11,0,29,1
BRDA:11,0,30,0
BRDA:11,0,31,2
BRDA:11,0,32,82
BRDA:11,0,33,0
BRDA:11,0,34,2
BRDA:11,0,35,0
BRDA:11,0,36,2
BRDA:11,0,37,0
BRDA:11,0,38,2
BRDA:11,0,39,86
BRDA:11,0,40,80
BRDA:11,0,41,71
BRDA:11,0,42,77
BRDA:11,0,43,82
BRDA:11,0,44,84
BRDA:11,0,45,80
BRDA:11,0,46,2
BRDA:11,0,47,4
BRDA:11,0,48,3
BRDA:11,0,49,0
BRDA:11,0,50,2
BRDA:11,0,51,0
BRDA:11,0,52,2
BRDA:11,0,53,0
BRDA:11,0,54,2
BRDA:11,0,55,2
BRDA:11,0,56,0
BRDA:11,0,57,2
BRDA:11,0,58,0
BRDA:11,0,59,2
BRDA:11,0,60,0
BRDA:11,0,61,2
BRDA:11,0,62,0
BRDA:11,0,63,2
BRDA:11,0,64,0
BRDA:11,0,65,0
BRDA:11,0,66,2
BRDA:11,0,67,0
BRDA:11,0,68,2
BRDA:11,0,69,0
BRDA:11,0,70,2
BRDA:11,0,71,2
BRDA:11,0,72,3
BRDA:11,0,73,2
BRDA:11,0,74,0
BRDA:11,0,75,2
BRDA:11,0,76,0
BRDA:11,0,77,2
BRDA:11,0,78,0
BRDA:11,0,79,2
DA:14,3369159
BRDA:14,0,0,3369159
BRDA:14,0,1,374351
BRDA:14,0,2,374351
BRDA:14,0,3,374351
BRDA:14,0,4,374351
DA:15,3369051
BRDA:15,0,0,3369051
BRDA:15,0,1,374339
BRDA:15,0,2,374339
BRDA:15,0,3,374339
BRDA:15,0,4,374339
BRDA:15,0,5,108
BRDA:15,0,6,12
BRDA:15,0,7,12
BRDA:15,0,8,12
BRDA:15,0,9,12
DA:16,108
BRDA:16,0,0,108
BRDA:16,0,1,12
BRDA:16,0,2,12
BRDA:16,0,3,12
BRDA:16,0,4,12
DA:18,3369051
BRDA:18,0,0,3369051
BRDA:18,0,1,374339
BRDA:18,0,2,374339
BRDA:18,0,3,374339
BRDA:18,0,4,374339
DA:19,3369051
BRDA:19,0,0,3369051
BRDA:19,0,1,374339
BRDA:19,0,2,374339
BRDA:19,0,3,374339
BRDA:19,0,4,374339
DA:20,3368865
BRDA:20,0,0,186
BRDA:20,0,1,1
BRDA:20,0,2,176
BRDA:20,0,3,1
BRDA:20,0,4,1
BRDA:20,0,5,3368865
BRDA:20,0,6,374338
BRDA:20,0,7,374163
BRDA:20,0,8,374338
BRDA:20,0,9,374338
DA:21,186
BRDA:21,0,0,186
BRDA:21,0,1,1
BRDA:21,0,2,176
BRDA:21,0,3,1
BRDA:21,0,4,1
BRF:220
BRH:120
end_of_record
SF:os_sel_decoder.v
DA:3,4
BRDA:3,0,0,4
BRDA:3,0,1,4
DA:4,5
BRDA:4,0,0,2
BRDA:4,0,1,2
BRDA:4,0,2,4
BRDA:4,0,3,2
BRDA:4,0,4,5
DA:7,374352
DA:8,374352
DA:9,1381
DA:10,1259
DA:11,3804
DA:12,367908
BRF:7
BRH:0
end_of_record
SF:parity_decoder.v
DA:3,168
BRDA:3,0,0,164
BRDA:3,0,1,168
BRDA:3,0,2,160
DA:4,518
BRDA:4,0,0,508
BRDA:4,0,1,510
BRDA:4,0,2,518
BRDA:4,0,3,518
BRDA:4,0,4,516
BRDA:4,0,5,482
BRDA:4,0,6,440
BRDA:4,0,7,388
BRDA:4,0,8,186
DA:5,162
BRDA:5,0,0,162
BRDA:5,0,1,112
BRDA:5,0,2,150
BRDA:5,0,3,148
DA:6,164
DA:7,230
DA:12,528
BRDA:12,0,0,528
BRDA:12,0,1,318
BRDA:12,0,2,228
BRDA:12,0,3,6
DA:13,518
BRDA:13,0,0,508
BRDA:13,0,1,510
BRDA:13,0,2,518
BRDA:13,0,3,518
BRDA:13,0,4,516
BRDA:13,0,5,494
BRDA:13,0,6,444
BRDA:13,0,7,398
BRDA:13,0,8,138
DA:15,748704
DA:17,748704
DA:19,748704
DA:20,6738336
BRDA:20,0,0,748704
BRDA:20,0,1,6738336
DA:21,4287726
BRDA:21,0,0,2450610
BRDA:21,0,1,4287726
DA:24,748704
DA:25,145464
DA:26,145464
DA:27,145464
DA:29,88740
DA:30,88740
DA:31,88740
DA:33,106788
DA:34,106788
DA:35,106788
DA:37,70812
DA:38,70812
DA:39,70812
DA:41,70692
DA:42,70692
DA:43,70692
DA:45,266208
DA:46,266208
DA:47,266208
BRF:33
BRH:32
end_of_record
SF:stop_bits_decoder.v
DA:4,154
BRDA:4,0,0,142
BRDA:4,0,1,154
DA:5,10
BRDA:5,0,0,4
BRDA:5,0,1,4
BRDA:5,0,2,8
BRDA:5,0,3,4
BRDA:5,0,4,10
DA:6,176
BRDA:6,0,0,172
BRDA:6,0,1,128
BRDA:6,0,2,176
BRDA:6,0,3,8
BRDA:6,0,4,10
BRDA:6,0,5,0
DA:9,748704
DA:10,748704
DA:12,194516
DA:13,220708
DA:14,157420
DA:15,176060
BRF:13
BRH:7
end_of_record
SF:uart_receiver.v
DA:4,748703
DA:5,3
DA:6,11384
DA:7,768
DA:9,86
BRDA:9,0,0,82
BRDA:9,0,1,86
BRDA:9,0,2,80
DA:10,77
BRDA:10,0,0,71
BRDA:10,0,1,77
DA:11,84
BRDA:11,0,0,82
BRDA:11,0,1,84
BRDA:11,0,2,80
DA:12,5
BRDA:12,0,0,2
BRDA:12,0,1,2
BRDA:12,0,2,4
BRDA:12,0,3,2
BRDA:12,0,4,5
DA:14,50
BRDA:14,0,0,10
BRDA:14,0,1,44
BRDA:14,0,2,42
BRDA:14,0,3,50
BRDA:14,0,4,34
BRDA:14,0,5,42
BRDA:14,0,6,46
BRDA:14,0,7,42
BRDA:14,0,8,16
DA:15,142
DA:16,190
DA:17,16
DA:18,30
DA:19,24
DA:28,276
BRDA:28,0,0,276
BRDA:28,0,1,190
BRDA:28,0,2,188
DA:29,394
BRDA:29,0,0,386
BRDA:29,0,1,386
BRDA:29,0,2,388
BRDA:29,0,3,388
BRDA:29,0,4,390
BRDA:29,0,5,390
BRDA:29,0,6,392
BRDA:29,0,7,392
BRDA:29,0,8,394
DA:30,690
BRDA:30,0,0,690
BRDA:30,0,1,348
BRDA:30,0,2,196
BRDA:30,0,3,36
DA:31,3296
BRDA:31,0,0,3296
BRDA:31,0,1,3296
BRDA:31,0,2,0
BRDA:31,0,3,0
BRDA:31,0,4,0
BRDA:31,0,5,0
DA:32,828
BRDA:32,0,0,828
BRDA:32,0,1,444
BRDA:32,0,2,158
BRDA:32,0,3,64
BRDA:32,0,4,32
BRDA:32,0,5,16
DA:33,720
BRDA:33,0,0,720
BRDA:33,0,1,410
BRDA:33,0,2,230
BRDA:33,0,3,54
BRDA:33,0,4,18
BRDA:33,0,5,8
DA:35,769
BRDA:35,0,0,769
BRDA:35,0,1,769
BRDA:35,0,2,769
DA:36,769
DA:37,768
DA:39,81
BRDA:39,0,0,81
BRDA:39,0,1,56
BRDA:39,0,2,75
BRDA:39,0,3,74
DA:44,88
BRDA:44,0,0,86
BRDA:44,0,1,64
BRDA:44,0,2,88
BRDA:44,0,3,4
BRDA:44,0,4,5
BRDA:44,0,5,0
DA:51,446
BRDA:51,0,0,430
BRDA:51,0,1,434
BRDA:51,0,2,432
BRDA:51,0,3,446
BRDA:51,0,4,434
BRDA:51,0,5,396
BRDA:51,0,6,352
BRDA:51,0,7,314
BRDA:51,0,8,104
DA:53,148
BRDA:53,0,0,82
BRDA:53,0,1,148
DA:54,27
DA:64,5
BRDA:64,0,0,2
BRDA:64,0,1,4
BRDA:64,0,2,2
BRDA:64,0,3,5
BRDA:64,0,4,0
BRDA:64,0,5,0
DA:66,374351
DA:67,374339
BRDA:67,0,0,374339
BRDA:67,0,1,12
DA:68,12
DA:69,12
DA:70,12
DA:72,374339
DA:73,374339
DA:74,374339
DA:75,374339
DA:79,374351
DA:80,374339
BRDA:80,0,0,374339
BRDA:80,0,1,12
DA:81,12
DA:82,12
DA:83,12
DA:84,12
DA:85,12
DA:86,12
DA:87,12
DA:88,12
DA:89,12
DA:90,12
DA:91,12
DA:92,12
DA:94,374339
DA:95,374339
DA:97,374339
DA:98,42860
DA:99,42860
DA:100,42765
BRDA:100,0,0,95
BRDA:100,0,1,42765
DA:101,95
DA:102,95
DA:103,95
DA:104,95
DA:108,73624
DA:109,73624
DA:110,73434
BRDA:110,0,0,190
BRDA:110,0,1,73434
DA:111,190
DA:112,95
BRDA:112,0,0,95
BRDA:112,0,1,95
DA:113,95
BRDA:113,0,0,95
BRDA:113,0,1,0
DA:114,95
DA:115,95
DA:116,95
DA:127,108782
DA:128,106777
BRDA:128,0,0,2005
BRDA:128,0,1,106777
DA:129,2005
DA:130,1274
BRDA:130,0,0,731
BRDA:130,0,1,1274
DA:131,731
DA:132,731
DA:134,397
BRDA:134,0,0,397
BRDA:134,0,1,334
DA:136,637
BRDA:136,0,0,94
BRDA:136,0,1,637
DA:137,51
BRDA:137,0,0,43
BRDA:137,0,1,51
DA:138,43
DA:140,51
DA:141,51
DA:142,51
DA:145,637
DA:146,637
DA:152,6999
DA:153,6870
BRDA:153,0,0,129
BRDA:153,0,1,6870
DA:154,129
DA:155,86
BRDA:155,0,0,43
BRDA:155,0,1,86
DA:156,43
DA:157,43
DA:158,43
DA:159,43
DA:164,142074
DA:165,139455
BRDA:165,0,0,2619
BRDA:165,0,1,139455
DA:166,2619
DA:167,1746
BRDA:167,0,0,873
BRDA:167,0,1,1746
DA:168,873
DA:170,598
BRDA:170,0,0,275
BRDA:170,0,1,598
DA:172,779
BRDA:172,0,0,94
BRDA:172,0,1,779
DA:173,8
DA:174,8
DA:176,71
BRDA:176,0,0,15
BRDA:176,0,1,71
DA:177,15
DA:178,15
DA:180,71
DA:181,71
DA:182,71
DA:186,80
BRDA:186,0,0,14
BRDA:186,0,1,80
DA:187,14
DA:189,80
DA:190,80
DA:193,94
DA:195,779
DA:196,779
BRF:124
BRH:104
end_of_record
SF:uart_regfile.v
DA:4,748703
DA:5,3
DA:7,734
DA:8,356
BRDA:8,0,0,0
BRDA:8,0,1,356
BRDA:8,0,2,352
BRDA:8,0,3,6
BRDA:8,0,4,10
DA:9,198
BRDA:9,0,0,186
BRDA:9,0,1,2
BRDA:9,0,2,4
BRDA:9,0,3,2
BRDA:9,0,4,2
BRDA:9,0,5,2
BRDA:9,0,6,4
BRDA:9,0,7,180
BRDA:9,0,8,182
BRDA:9,0,9,198
BRDA:9,0,10,164
BRDA:9,0,11,180
BRDA:9,0,12,180
BRDA:9,0,13,174
BRDA:9,0,14,150
BRDA:9,0,15,6
DA:11,18
BRDA:11,0,0,0
BRDA:11,0,1,18
BRDA:11,0,2,8
BRDA:11,0,3,4
BRDA:11,0,4,2
DA:12,12
BRDA:12,0,0,2
BRDA:12,0,1,0
BRDA:12,0,2,8
BRDA:12,0,3,0
BRDA:12,0,4,8
BRDA:12,0,5,0
BRDA:12,0,6,8
BRDA:12,0,7,10
BRDA:12,0,8,2
BRDA:12,0,9,12
BRDA:12,0,10,4
BRDA:12,0,11,10
BRDA:12,0,12,2
BRDA:12,0,13,10
BRDA:12,0,14,0
BRDA:12,0,15,10
DA:14,88
BRDA:14,0,0,78
BRDA:14,0,1,2
BRDA:14,0,2,4
BRDA:14,0,3,2
BRDA:14,0,4,2
BRDA:14,0,5,2
BRDA:14,0,6,4
BRDA:14,0,7,76
BRDA:14,0,8,86
BRDA:14,0,9,72
BRDA:14,0,10,82
BRDA:14,0,11,86
BRDA:14,0,12,88
BRDA:14,0,13,74
BRDA:14,0,14,82
BRDA:14,0,15,4
DA:15,2
BRDA:15,0,0,2
BRDA:15,0,1,0
BRDA:15,0,2,0
BRDA:15,0,3,0
BRDA:15,0,4,0
BRDA:15,0,5,0
BRDA:15,0,6,0
BRDA:15,0,7,2
BRDA:15,0,8,2
BRDA:15,0,9,0
BRDA:15,0,10,2
BRDA:15,0,11,2
BRDA:15,0,12,2
BRDA:15,0,13,0
BRDA:15,0,14,0
BRDA:15,0,15,0
DA:16,2
BRDA:16,0,0,0
BRDA:16,0,1,0
BRDA:16,0,2,0
BRDA:16,0,3,0
BRDA:16,0,4,0
BRDA:16,0,5,0
BRDA:16,0,6,0
BRDA:16,0,7,2
BRDA:16,0,8,0
BRDA:16,0,9,2
BRDA:16,0,10,0
BRDA:16,0,11,2
BRDA:16,0,12,0
BRDA:16,0,13,2
BRDA:16,0,14,0
BRDA:16,0,15,0
DA:17,2
BRDA:17,0,0,0
BRDA:17,0,1,0
BRDA:17,0,2,2
BRDA:17,0,3,0
BRDA:17,0,4,2
BRDA:17,0,5,0
BRDA:17,0,6,2
BRDA:17,0,7,2
BRDA:17,0,8,2
BRDA:17,0,9,2
BRDA:17,0,10,0
BRDA:17,0,11,2
BRDA:17,0,12,0
BRDA:17,0,13,2
BRDA:17,0,14,0
BRDA:17,0,15,2
DA:18,2
BRDA:18,0,0,0
BRDA:18,0,1,0
BRDA:18,0,2,2
BRDA:18,0,3,0
BRDA:18,0,4,2
BRDA:18,0,5,0
BRDA:18,0,6,2
BRDA:18,0,7,2
BRDA:18,0,8,0
BRDA:18,0,9,2
BRDA:18,0,10,0
BRDA:18,0,11,2
BRDA:18,0,12,0
BRDA:18,0,13,2
BRDA:18,0,14,0
BRDA:18,0,15,2
DA:19,3
BRDA:19,0,0,0
BRDA:19,0,1,0
BRDA:19,0,2,2
BRDA:19,0,3,0
BRDA:19,0,4,2
BRDA:19,0,5,0
BRDA:19,0,6,2
BRDA:19,0,7,2
BRDA:19,0,8,0
BRDA:19,0,9,2
BRDA:19,0,10,0
BRDA:19,0,11,1
BRDA:19,0,12,3
BRDA:19,0,13,1
BRDA:19,0,14,0
BRDA:19,0,15,2
DA:20,86
BRDA:20,0,0,82
BRDA:20,0,1,0
BRDA:20,0,2,2
BRDA:20,0,3,0
BRDA:20,0,4,2
BRDA:20,0,5,0
BRDA:20,0,6,2
BRDA:20,0,7,86
BRDA:20,0,8,80
BRDA:20,0,9,71
BRDA:20,0,10,77
BRDA:20,0,11,82
BRDA:20,0,12,84
BRDA:20,0,13,80
BRDA:20,0,14,2
BRDA:20,0,15,4
DA:21,2
BRDA:21,0,0,0
BRDA:21,0,1,0
BRDA:21,0,2,2
BRDA:21,0,3,0
BRDA:21,0,4,2
BRDA:21,0,5,0
BRDA:21,0,6,2
BRDA:21,0,7,2
BRDA:21,0,8,0
BRDA:21,0,9,2
BRDA:21,0,10,0
BRDA:21,0,11,2
BRDA:21,0,12,0
BRDA:21,0,13,2
BRDA:21,0,14,0
BRDA:21,0,15,2
DA:28,2
BRDA:28,0,0,0
BRDA:28,0,1,0
BRDA:28,0,2,2
BRDA:28,0,3,0
BRDA:28,0,4,2
BRDA:28,0,5,0
BRDA:28,0,6,2
BRDA:28,0,7,2
BRDA:28,0,8,0
BRDA:28,0,9,2
BRDA:28,0,10,0
BRDA:28,0,11,2
BRDA:28,0,12,0
BRDA:28,0,13,2
BRDA:28,0,14,0
BRDA:28,0,15,2
DA:29,4
BRDA:29,0,0,0
BRDA:29,0,1,0
BRDA:29,0,2,2
BRDA:29,0,3,0
BRDA:29,0,4,2
BRDA:29,0,5,0
BRDA:29,0,6,2
BRDA:29,0,7,2
BRDA:29,0,8,4
BRDA:29,0,9,4
BRDA:29,0,10,0
BRDA:29,0,11,2
BRDA:29,0,12,0
BRDA:29,0,13,2
BRDA:29,0,14,0
BRDA:29,0,15,2
DA:30,3
BRDA:30,0,0,3
BRDA:30,0,1,0
BRDA:30,0,2,2
BRDA:30,0,3,0
BRDA:30,0,4,2
BRDA:30,0,5,0
BRDA:30,0,6,2
BRDA:30,0,7,2
BRDA:30,0,8,0
BRDA:30,0,9,2
BRDA:30,0,10,0
BRDA:30,0,11,2
BRDA:30,0,12,0
BRDA:30,0,13,2
BRDA:30,0,14,0
BRDA:30,0,15,2
DA:31,2
BRDA:31,0,0,0
BRDA:31,0,1,0
BRDA:31,0,2,2
BRDA:31,0,3,0
BRDA:31,0,4,2
BRDA:31,0,5,0
BRDA:31,0,6,2
BRDA:31,0,7,2
BRDA:31,0,8,0
BRDA:31,0,9,2
BRDA:31,0,10,0
BRDA:31,0,11,2
BRDA:31,0,12,0
BRDA:31,0,13,2
BRDA:31,0,14,0
BRDA:31,0,15,2
DA:32,3
BRDA:32,0,0,0
BRDA:32,0,1,0
BRDA:32,0,2,2
BRDA:32,0,3,0
BRDA:32,0,4,2
BRDA:32,0,5,0
BRDA:32,0,6,2
BRDA:32,0,7,2
BRDA:32,0,8,3
BRDA:32,0,9,2
BRDA:32,0,10,0
BRDA:32,0,11,2
BRDA:32,0,12,0
BRDA:32,0,13,2
BRDA:32,0,14,0
BRDA:32,0,15,2
DA:49,4
DA:52,342
DA:53,4
DA:54,2
DA:55,4
DA:56,2
DA:57,352
DA:58,2
DA:59,4
DA:60,2
DA:61,10
DA:62,2
DA:63,2
DA:64,2
DA:111,374352
DA:112,374352
DA:113,62
DA:114,374197
DA:115,6
DA:116,21
DA:117,6
DA:118,6
DA:119,6
DA:120,6
DA:121,6
DA:122,6
DA:123,6
DA:124,6
DA:125,18
BRF:250
BRH:35
end_of_record
SF:uart_top.v
DA:8,748703
DA:9,3
DA:12,768
DA:13,767
DA:16,357
BRDA:16,0,0,1
BRDA:16,0,1,0
BRDA:16,0,2,0
BRDA:16,0,3,0
BRDA:16,0,4,0
BRDA:16,0,5,0
BRDA:16,0,6,0
BRDA:16,0,7,0
BRDA:16,0,8,0
BRDA:16,0,9,0
BRDA:16,0,10,0
BRDA:16,0,11,357
BRDA:16,0,12,0
BRDA:16,0,13,0
BRDA:16,0,14,0
BRDA:16,0,15,0
BRDA:16,0,16,0
BRDA:16,0,17,0
BRDA:16,0,18,0
BRDA:16,0,19,0
BRDA:16,0,20,0
BRDA:16,0,21,0
BRDA:16,0,22,351
BRDA:16,0,23,0
BRDA:16,0,24,0
BRDA:16,0,25,7
BRDA:16,0,26,11
BRDA:16,0,27,1
BRDA:16,0,28,1
BRDA:16,0,29,1
BRDA:16,0,30,0
BRDA:16,0,31,0
DA:17,734
DA:18,734
DA:21,198
BRDA:21,0,0,188
BRDA:21,0,1,2
BRDA:21,0,2,4
BRDA:21,0,3,2
BRDA:21,0,4,2
BRDA:21,0,5,2
BRDA:21,0,6,4
BRDA:21,0,7,0
BRDA:21,0,8,0
BRDA:21,0,9,0
BRDA:21,0,10,0
BRDA:21,0,11,182
BRDA:21,0,12,0
BRDA:21,0,13,0
BRDA:21,0,14,0
BRDA:21,0,15,0
BRDA:21,0,16,0
BRDA:21,0,17,0
BRDA:21,0,18,0
BRDA:21,0,19,0
BRDA:21,0,20,0
BRDA:21,0,21,0
BRDA:21,0,22,182
BRDA:21,0,23,0
BRDA:21,0,24,0
BRDA:21,0,25,198
BRDA:21,0,26,164
BRDA:21,0,27,180
BRDA:21,0,28,180
BRDA:21,0,29,174
BRDA:21,0,30,150
BRDA:21,0,31,6
DA:22,1
BRDA:22,0,0,1
BRDA:22,0,1,1
BRDA:22,0,2,1
BRDA:22,0,3,1
DA:23,734
DA:24,734
DA:27,2
BRDA:27,0,0,0
BRDA:27,0,1,2
DA:28,734
DA:29,376
DA:32,19
BRDA:32,0,0,1
BRDA:32,0,1,0
BRDA:32,0,2,0
BRDA:32,0,3,0
BRDA:32,0,4,0
BRDA:32,0,5,0
BRDA:32,0,6,0
BRDA:32,0,7,0
BRDA:32,0,8,0
BRDA:32,0,9,0
BRDA:32,0,10,0
BRDA:32,0,11,19
BRDA:32,0,12,0
BRDA:32,0,13,0
BRDA:32,0,14,0
BRDA:32,0,15,0
BRDA:32,0,16,0
BRDA:32,0,17,0
BRDA:32,0,18,0
BRDA:32,0,19,0
BRDA:32,0,20,0
BRDA:32,0,21,0
BRDA:32,0,22,9
BRDA:32,0,23,0
BRDA:32,0,24,0
BRDA:32,0,25,5
BRDA:32,0,26,3
BRDA:32,0,27,1
BRDA:32,0,28,1
BRDA:32,0,29,1
BRDA:32,0,30,0
BRDA:32,0,31,0
DA:33,40
DA:34,40
DA:37,12
BRDA:37,0,0,2
BRDA:37,0,1,0
BRDA:37,0,2,8
BRDA:37,0,3,0
BRDA:37,0,4,8
BRDA:37,0,5,0
BRDA:37,0,6,8
BRDA:37,0,7,0
BRDA:37,0,8,0
BRDA:37,0,9,0
BRDA:37,0,10,0
BRDA:37,0,11,10
BRDA:37,0,12,0
BRDA:37,0,13,0
BRDA:37,0,14,0
BRDA:37,0,15,0
BRDA:37,0,16,0
BRDA:37,0,17,0
BRDA:37,0,18,0
BRDA:37,0,19,0
BRDA:37,0,20,0
BRDA:37,0,21,0
BRDA:37,0,22,2
BRDA:37,0,23,0
BRDA:37,0,24,0
BRDA:37,0,25,12
BRDA:37,0,26,2
BRDA:37,0,27,10
BRDA:37,0,28,2
BRDA:37,0,29,10
BRDA:37,0,30,0
BRDA:37,0,31,8
DA:38,2
BRDA:38,0,0,0
BRDA:38,0,1,2
DA:39,40
DA:40,36
DA:44,734
DA:45,356
BRDA:45,0,0,0
BRDA:45,0,1,356
BRDA:45,0,2,352
BRDA:45,0,3,6
BRDA:45,0,4,10
DA:46,198
BRDA:46,0,0,186
BRDA:46,0,1,2
BRDA:46,0,2,4
BRDA:46,0,3,2
BRDA:46,0,4,2
BRDA:46,0,5,2
BRDA:46,0,6,4
BRDA:46,0,7,180
BRDA:46,0,8,182
BRDA:46,0,9,198
BRDA:46,0,10,164
BRDA:46,0,11,180
BRDA:46,0,12,180
BRDA:46,0,13,174
BRDA:46,0,14,150
BRDA:46,0,15,6
DA:47,18
BRDA:47,0,0,0
BRDA:47,0,1,18
BRDA:47,0,2,8
BRDA:47,0,3,4
BRDA:47,0,4,2
DA:48,12
BRDA:48,0,0,2
BRDA:48,0,1,0
BRDA:48,0,2,8
BRDA:48,0,3,0
BRDA:48,0,4,8
BRDA:48,0,5,0
BRDA:48,0,6,8
BRDA:48,0,7,10
BRDA:48,0,8,2
BRDA:48,0,9,12
BRDA:48,0,10,4
BRDA:48,0,11,10
BRDA:48,0,12,2
BRDA:48,0,13,10
BRDA:48,0,14,0
BRDA:48,0,15,10
DA:49,4
BRDA:49,0,0,0
BRDA:49,0,1,0
BRDA:49,0,2,2
BRDA:49,0,3,0
BRDA:49,0,4,2
BRDA:49,0,5,0
BRDA:49,0,6,2
BRDA:49,0,7,2
BRDA:49,0,8,4
BRDA:49,0,9,4
BRDA:49,0,10,0
BRDA:49,0,11,2
BRDA:49,0,12,0
BRDA:49,0,13,2
BRDA:49,0,14,0
BRDA:49,0,15,2
DA:52,88
BRDA:52,0,0,78
BRDA:52,0,1,2
BRDA:52,0,2,4
BRDA:52,0,3,2
BRDA:52,0,4,2
BRDA:52,0,5,2
BRDA:52,0,6,4
BRDA:52,0,7,76
BRDA:52,0,8,86
BRDA:52,0,9,72
BRDA:52,0,10,82
BRDA:52,0,11,86
BRDA:52,0,12,88
BRDA:52,0,13,74
BRDA:52,0,14,82
BRDA:52,0,15,4
DA:53,2
BRDA:53,0,0,2
BRDA:53,0,1,0
BRDA:53,0,2,0
BRDA:53,0,3,0
BRDA:53,0,4,0
BRDA:53,0,5,0
BRDA:53,0,6,0
BRDA:53,0,7,2
BRDA:53,0,8,2
BRDA:53,0,9,0
BRDA:53,0,10,2
BRDA:53,0,11,2
BRDA:53,0,12,2
BRDA:53,0,13,0
BRDA:53,0,14,0
BRDA:53,0,15,0
DA:54,2
BRDA:54,0,0,0
BRDA:54,0,1,0
BRDA:54,0,2,0
BRDA:54,0,3,0
BRDA:54,0,4,0
BRDA:54,0,5,0
BRDA:54,0,6,0
BRDA:54,0,7,2
BRDA:54,0,8,0
BRDA:54,0,9,2
BRDA:54,0,10,0
BRDA:54,0,11,2
BRDA:54,0,12,0
BRDA:54,0,13,2
BRDA:54,0,14,0
BRDA:54,0,15,0
DA:55,2
BRDA:55,0,0,0
BRDA:55,0,1,0
BRDA:55,0,2,2
BRDA:55,0,3,0
BRDA:55,0,4,2
BRDA:55,0,5,0
BRDA:55,0,6,2
BRDA:55,0,7,2
BRDA:55,0,8,2
BRDA:55,0,9,2
BRDA:55,0,10,0
BRDA:55,0,11,2
BRDA:55,0,12,0
BRDA:55,0,13,2
BRDA:55,0,14,0
BRDA:55,0,15,2
DA:56,86
BRDA:56,0,0,82
BRDA:56,0,1,0
BRDA:56,0,2,2
BRDA:56,0,3,0
BRDA:56,0,4,2
BRDA:56,0,5,0
BRDA:56,0,6,2
BRDA:56,0,7,86
BRDA:56,0,8,80
BRDA:56,0,9,71
BRDA:56,0,10,77
BRDA:56,0,11,82
BRDA:56,0,12,84
BRDA:56,0,13,80
BRDA:56,0,14,2
BRDA:56,0,15,4
DA:59,11384
DA:60,5
BRDA:60,0,0,2
BRDA:60,0,1,2
BRDA:60,0,2,4
BRDA:60,0,3,2
BRDA:60,0,4,5
DA:116,342
DA:153,374351
DA:154,374339
BRDA:154,0,0,12
BRDA:154,0,1,374339
DA:156,320859
BRDA:156,0,0,53480
BRDA:156,0,1,320859
BRDA:156,0,2,0
DA:157,338993
BRDA:157,0,0,35346
BRDA:157,0,1,338993
BRDA:157,0,2,0
DA:158,341189
BRDA:158,0,0,33150
BRDA:158,0,1,341189
BRDA:158,0,2,0
DA:159,297194
BRDA:159,0,0,77145
BRDA:159,0,1,297194
BRDA:159,0,2,0
DA:160,323201
BRDA:160,0,0,51138
BRDA:160,0,1,323201
BRDA:160,0,2,0
DA:163,277083
BRDA:163,0,0,97256
BRDA:163,0,1,277083
BRDA:163,0,2,0
DA:164,263985
BRDA:164,0,0,110354
BRDA:164,0,1,263985
BRDA:164,0,2,0
DA:165,295629
BRDA:165,0,0,78710
BRDA:165,0,1,295629
BRDA:165,0,2,0
DA:168,301620
BRDA:168,0,0,72719
BRDA:168,0,1,301620
BRDA:168,0,2,0
DA:169,329969
BRDA:169,0,0,44370
BRDA:169,0,1,329969
BRDA:169,0,2,0
DA:170,320945
BRDA:170,0,0,53394
BRDA:170,0,1,320945
BRDA:170,0,2,0
DA:171,338933
BRDA:171,0,0,35406
BRDA:171,0,1,338933
BRDA:171,0,2,0
DA:172,338993
BRDA:172,0,0,35346
BRDA:172,0,1,338993
BRDA:172,0,2,0
DA:175,373836
BRDA:175,0,0,503
BRDA:175,0,1,373836
BRDA:175,0,2,0
DA:176,365521
BRDA:176,0,0,8818
BRDA:176,0,1,365521
BRDA:176,0,2,0
DA:177,369349
BRDA:177,0,0,4990
BRDA:177,0,1,369349
BRDA:177,0,2,0
DA:178,326698
BRDA:178,0,0,47641
BRDA:178,0,1,326698
BRDA:178,0,2,0
DA:181,372970
BRDA:181,0,0,1369
BRDA:181,0,1,372970
BRDA:181,0,2,0
DA:182,373080
BRDA:182,0,0,1259
BRDA:182,0,1,373080
BRDA:182,0,2,0
DA:183,370535
BRDA:183,0,0,3804
BRDA:183,0,1,370535
BRDA:183,0,2,0
DA:184,367907
BRDA:184,0,0,367907
BRDA:184,0,1,6432
BRDA:184,0,2,0
BRF:344
BRH:96
end_of_record
SF:uart_transmitter.v
DA:4,748703
DA:5,3
DA:6,342
DA:7,11384
DA:8,198
BRDA:8,0,0,186
BRDA:8,0,1,180
BRDA:8,0,2,182
BRDA:8,0,3,198
BRDA:8,0,4,164
BRDA:8,0,5,180
BRDA:8,0,6,180
BRDA:8,0,7,174
BRDA:8,0,8,150
DA:10,86
BRDA:10,0,0,82
BRDA:10,0,1,86
BRDA:10,0,2,80
DA:11,77
BRDA:11,0,0,71
BRDA:11,0,1,77
DA:12,84
BRDA:12,0,0,82
BRDA:12,0,1,84
BRDA:12,0,2,80
DA:13,2
DA:14,5
BRDA:14,0,0,2
BRDA:14,0,1,2
BRDA:14,0,2,4
BRDA:14,0,3,2
BRDA:14,0,4,5
DA:16,767
DA:17,268
DA:18,270
DA:27,402
BRDA:27,0,0,402
BRDA:27,0,1,268
BRDA:27,0,2,268
DA:28,588
BRDA:28,0,0,588
BRDA:28,0,1,574
BRDA:28,0,2,526
BRDA:28,0,3,462
BRDA:28,0,4,410
BRDA:28,0,5,340
BRDA:28,0,6,256
BRDA:28,0,7,192
BRDA:28,0,8,126
DA:29,942
BRDA:29,0,0,942
BRDA:29,0,1,474
BRDA:29,0,2,268
BRDA:29,0,3,40
DA:30,2392
BRDA:30,0,0,2392
BRDA:30,0,1,2392
BRDA:30,0,2,0
BRDA:30,0,3,0
BRDA:30,0,4,0
BRDA:30,0,5,0
DA:31,468
BRDA:31,0,0,468
BRDA:31,0,1,268
BRDA:31,0,2,56
BRDA:31,0,3,0
BRDA:31,0,4,0
BRDA:31,0,5,0
DA:33,88
BRDA:33,0,0,78
BRDA:33,0,1,76
BRDA:33,0,2,86
BRDA:33,0,3,72
BRDA:33,0,4,82
BRDA:33,0,5,86
BRDA:33,0,6,88
BRDA:33,0,7,74
BRDA:33,0,8,82
DA:34,374351
DA:35,12
DA:36,12
DA:38,374168
BRDA:38,0,0,171
BRDA:38,0,1,374168
DA:39,171
DA:43,81
BRDA:43,0,0,81
BRDA:43,0,1,56
BRDA:43,0,2,75
BRDA:43,0,3,74
DA:48,88
BRDA:48,0,0,86
BRDA:48,0,1,64
BRDA:48,0,2,88
BRDA:48,0,3,4
BRDA:48,0,4,5
BRDA:48,0,5,0
DA:55,82
BRDA:55,0,0,82
BRDA:55,0,1,82
DA:64,374351
DA:65,374339
BRDA:65,0,0,374339
BRDA:65,0,1,12
DA:66,12
DA:67,12
DA:68,12
DA:69,12
DA:70,12
DA:71,12
DA:72,12
DA:73,12
DA:75,374339
DA:76,374339
DA:78,373836
BRDA:78,0,0,503
BRDA:78,0,1,373836
DA:79,503
DA:81,373836
DA:82,373836
DA:83,88488
DA:84,88488
DA:85,88488
DA:86,88353
BRDA:86,0,0,135
BRDA:86,0,1,88353
DA:87,135
DA:88,135
DA:89,135
DA:90,135
DA:94,83765
DA:95,83765
DA:96,83363
BRDA:96,0,0,402
BRDA:96,0,1,83363
DA:97,268
BRDA:97,0,0,134
BRDA:97,0,1,268
DA:98,134
DA:99,134
DA:100,134
DA:102,268
DA:103,268
DA:108,162100
DA:109,162100
DA:110,159112
BRDA:110,0,0,2988
BRDA:110,0,1,159112
DA:111,1992
BRDA:111,0,0,996
BRDA:111,0,1,1992
DA:112,996
DA:113,996
DA:115,862
BRDA:115,0,0,134
BRDA:115,0,1,862
DA:116,68
BRDA:116,0,0,66
BRDA:116,0,1,68
DA:117,66
DA:119,68
DA:120,68
DA:121,68
DA:124,862
DA:125,862
DA:128,1992
DA:129,1992
DA:134,10732
DA:135,10732
DA:136,10534
BRDA:136,0,0,198
BRDA:136,0,1,10534
DA:137,132
BRDA:137,0,0,66
BRDA:137,0,1,132
DA:138,66
DA:139,66
DA:140,66
DA:142,132
DA:143,132
DA:148,28751
DA:149,28751
DA:150,28221
BRDA:150,0,0,530
BRDA:150,0,1,28221
DA:151,396
BRDA:151,0,0,134
BRDA:151,0,1,396
DA:152,134
DA:153,134
DA:155,396
DA:156,396
BRF:99
BRH:84
end_of_record
SF:word_len_decoder.v
DA:3,172
BRDA:3,0,0,164
BRDA:3,0,1,172
BRDA:3,0,2,160
DA:4,162
BRDA:4,0,0,162
BRDA:4,0,1,112
BRDA:4,0,2,150
BRDA:4,0,3,148
DA:7,748704
DA:8,748704
DA:9,106984
DA:10,70692
DA:11,66300
DA:12,154292
DA:13,102276
DA:14,248160
BRF:7
BRH:7
end_of_record
